-------------------------------------------------------------------------------
Test set: com.integrador.ProjetoRentCarsInt.service.AluguelServiceTest
-------------------------------------------------------------------------------
Tests run: 1, Failures: 0, Errors: 1, Skipped: 0, Time elapsed: 0.023 s <<< FAILURE! - in com.integrador.ProjetoRentCarsInt.service.AluguelServiceTest
com.integrador.ProjetoRentCarsInt.service.AluguelServiceTest  Time elapsed: 0.022 s  <<< ERROR!
java.lang.IllegalStateException: Unable to find a @SpringBootConfiguration, you need to use @ContextConfiguration or @SpringBootTest(classes=...) with your test

