-------------------------------------------------------------------------------
Test set: com.integrador.ProjetoRentCarsInt.service.ClienteServiceTest
-------------------------------------------------------------------------------
Tests run: 1, Failures: 0, Errors: 1, Skipped: 0, Time elapsed: 0.021 s <<< FAILURE! - in com.integrador.ProjetoRentCarsInt.service.ClienteServiceTest
com.integrador.ProjetoRentCarsInt.service.ClienteServiceTest  Time elapsed: 0.021 s  <<< ERROR!
java.lang.IllegalStateException: Unable to find a @SpringBootConfiguration, you need to use @ContextConfiguration or @SpringBootTest(classes=...) with your test

