-------------------------------------------------------------------------------
Test set: com.integrador.ProjetoRentCarsInt.ProjetoRentCarsIntApplicationTests
-------------------------------------------------------------------------------
Tests run: 1, Failures: 0, Errors: 1, Skipped: 0, Time elapsed: 0.194 s <<< FAILURE! - in com.integrador.ProjetoRentCarsInt.ProjetoRentCarsIntApplicationTests
com.integrador.ProjetoRentCarsInt.ProjetoRentCarsIntApplicationTests  Time elapsed: 0.193 s  <<< ERROR!
java.lang.IllegalStateException: Unable to find a @SpringBootConfiguration, you need to use @ContextConfiguration or @SpringBootTest(classes=...) with your test

