<?xml version="1.0" encoding="UTF-8"?>
<testsuite xmlns:xsi="http://www.w3.org/2001/XMLSchema-instance" xsi:noNamespaceSchemaLocation="https://maven.apache.org/surefire/maven-surefire-plugin/xsd/surefire-test-report.xsd" name="com.integrador.ProjetoRentCarsInt.service.CarroServiceTest" time="0.031" tests="1" errors="1" skipped="0" failures="0">
  <properties>
[...]
</properties>
  <testcase name="com.integrador.ProjetoRentCarsInt.service.CarroServiceTest" classname="com.integrador.ProjetoRentCarsInt.service.CarroServiceTest" time="0.031">
    <error message="Unable to find a @SpringBootConfiguration, you need to use @ContextConfiguration or @SpringBootTest(classes=...) with your test" type="java.lang.IllegalStateException">java.lang.IllegalStateException: Unable to find a @SpringBootConfiguration, you need to use @ContextConfiguration or @SpringBootTest(classes=...) with your test
</error>
    <system-out><![CDATA[22:47:04.420 [main] DEBUG org.springframework.boot.test.context.SpringBootTestContextBootstrapper - Neither @ContextConfiguration nor @ContextHierarchy found for test class [CarroServiceTest]: using SpringBootContextLoader
22:47:04.422 [main] DEBUG org.springframework.test.context.support.AbstractContextLoader - Could not detect default resource locations for test class [com.integrador.ProjetoRentCarsInt.service.CarroServiceTest]: no resource found for suffixes {-context.xml, Context.groovy}.
22:47:04.422 [main] INFO org.springframework.test.context.support.AnnotationConfigContextLoaderUtils - Could not detect default configuration classes for test class [com.integrador.ProjetoRentCarsInt.service.CarroServiceTest]: CarroServiceTest does not declare any static, non-private, non-final, nested classes annotated with @Configuration.
22:47:04.430 [main] DEBUG org.springframework.boot.test.context.SpringBootTestContextBootstrapper - Using ContextCustomizers for test class [CarroServiceTest]: [ExcludeFilterContextCustomizer, DuplicateJsonObjectContextCustomizer, MockitoContextCustomizer, TestRestTemplateContextCustomizer, DisableObservabilityContextCustomizer, PropertyMappingContextCustomizer, Customizer]
22:47:04.432 [main] DEBUG org.springframework.core.io.support.PathMatchingResourcePatternResolver - Failed to complete search in directory [C:\Users\andre\Documents\projeto%20integrador\BackAllan\ProjetoRentCarsIntegrador\target\test-classes\com\integrador\ProjetoRentCarsInt\service] for files matching pattern [*.class]: java.nio.file.NoSuchFileException: C:\Users\andre\Documents\projeto%20integrador\BackAllan\ProjetoRentCarsIntegrador\target\test-classes\com\integrador\ProjetoRentCarsInt\service
22:47:04.433 [main] DEBUG org.springframework.core.io.support.PathMatchingResourcePatternResolver - Failed to complete search in directory [C:\Users\andre\Documents\projeto%20integrador\BackAllan\ProjetoRentCarsIntegrador\target\classes\com\integrador\ProjetoRentCarsInt\service] for files matching pattern [*.class]: java.nio.file.NoSuchFileException: C:\Users\andre\Documents\projeto%20integrador\BackAllan\ProjetoRentCarsIntegrador\target\classes\com\integrador\ProjetoRentCarsInt\service
22:47:04.434 [main] DEBUG org.springframework.core.io.support.PathMatchingResourcePatternResolver - Failed to complete search in directory [C:\Users\andre\Documents\projeto%20integrador\BackAllan\ProjetoRentCarsIntegrador\target\test-classes\com\integrador\ProjetoRentCarsInt] for files matching pattern [*.class]: java.nio.file.NoSuchFileException: C:\Users\andre\Documents\projeto%20integrador\BackAllan\ProjetoRentCarsIntegrador\target\test-classes\com\integrador\ProjetoRentCarsInt
22:47:04.435 [main] DEBUG org.springframework.core.io.support.PathMatchingResourcePatternResolver - Failed to complete search in directory [C:\Users\andre\Documents\projeto%20integrador\BackAllan\ProjetoRentCarsIntegrador\target\classes\com\integrador\ProjetoRentCarsInt] for files matching pattern [*.class]: java.nio.file.NoSuchFileException: C:\Users\andre\Documents\projeto%20integrador\BackAllan\ProjetoRentCarsIntegrador\target\classes\com\integrador\ProjetoRentCarsInt
22:47:04.436 [main] DEBUG org.springframework.core.io.support.PathMatchingResourcePatternResolver - Failed to complete search in directory [C:\Users\andre\Documents\projeto%20integrador\BackAllan\ProjetoRentCarsIntegrador\target\test-classes\com\integrador] for files matching pattern [*.class]: java.nio.file.NoSuchFileException: C:\Users\andre\Documents\projeto%20integrador\BackAllan\ProjetoRentCarsIntegrador\target\test-classes\com\integrador
22:47:04.436 [main] DEBUG org.springframework.core.io.support.PathMatchingResourcePatternResolver - Failed to complete search in directory [C:\Users\andre\Documents\projeto%20integrador\BackAllan\ProjetoRentCarsIntegrador\target\classes\com\integrador] for files matching pattern [*.class]: java.nio.file.NoSuchFileException: C:\Users\andre\Documents\projeto%20integrador\BackAllan\ProjetoRentCarsIntegrador\target\classes\com\integrador
22:47:04.437 [main] DEBUG org.springframework.core.io.support.PathMatchingResourcePatternResolver - Failed to complete search in directory [C:\Users\andre\Documents\projeto%20integrador\BackAllan\ProjetoRentCarsIntegrador\target\test-classes\com] for files matching pattern [*.class]: java.nio.file.NoSuchFileException: C:\Users\andre\Documents\projeto%20integrador\BackAllan\ProjetoRentCarsIntegrador\target\test-classes\com
22:47:04.438 [main] DEBUG org.springframework.core.io.support.PathMatchingResourcePatternResolver - Failed to complete search in directory [C:\Users\andre\Documents\projeto%20integrador\BackAllan\ProjetoRentCarsIntegrador\target\classes\com] for files matching pattern [*.class]: java.nio.file.NoSuchFileException: C:\Users\andre\Documents\projeto%20integrador\BackAllan\ProjetoRentCarsIntegrador\target\classes\com
]]></system-out>
  </testcase>
</testsuite>